mode: set
Users/nafisalam/go/projects/systemtracker/pkg/tracker/tracker.go:17.45,20.56 1 1
Users/nafisalam/go/projects/systemtracker/pkg/tracker/tracker.go:29.2,29.16 1 1
Users/nafisalam/go/projects/systemtracker/pkg/tracker/tracker.go:32.2,33.11 2 1
Users/nafisalam/go/projects/systemtracker/pkg/tracker/tracker.go:20.56,21.18 1 1
Users/nafisalam/go/projects/systemtracker/pkg/tracker/tracker.go:24.4,27.14 4 1
Users/nafisalam/go/projects/systemtracker/pkg/tracker/tracker.go:21.18,23.5 1 0
Users/nafisalam/go/projects/systemtracker/pkg/tracker/tracker.go:29.16,31.3 1 0
